BUILD: Examining w:\srv03rtm\base\ntos\nls directory for files to compile.
Building generated files in w:\srv03rtm\base\ntos\nls ********************
'nmake.exe /c BUILDMSG=Stop. -i NTTEST= UMTEST= NOLINK=1 PASS0ONLY=1 386=1'
1>BUILDMSG: Processing w:\srv03rtm\base\ntos\nls
1>	perl gnbugcds.pl -o obj\i386\bugcodes.txt -i bugcodes.w
1>	mc -h obj\i386 -r obj\i386 -x obj\i386 -A -v bugcodes.mc
1>MC: Compiling bugcodes.mc
1>Writing obj\i386\MSG00001.bin
1>    [00000001 .. 00000086] - 6284 bytes
1>    [0000008b .. 0000008b] - 48 bytes
1>    [0000008e .. 0000009c] - 484 bytes
1>    [0000009e .. 000000ac] - 1256 bytes
1>    [000000b4 .. 000000d1] - 3428 bytes
1>    [000000d3 .. 000000dc] - 748 bytes
1>    [000000de .. 000000ed] - 2400 bytes
1>    [000000ef .. 000000ef] - 100 bytes
1>    [000000f1 .. 000000fe] - 1608 bytes
1>    [4000007e .. 40000083] - 908 bytes
1>    [40000087 .. 4000008d] - 352 bytes
1>    [4000009d .. 4000009e] - 60 bytes
1>    [40010001 .. 40010003] - 64 bytes
1>    Total of 254 messages, 17900 bytes
1>PUBLISHLOG: W:\srv03rtm\base\ntos\nls, obj\i386\bugcodes.h, W:\srv03rtm\public\sdk\inc\bugcodes.h, Current, 2022/10/06-23:12:10
1>PUBLISHLOG: W:\srv03rtm\base\ntos\nls, obj\i386\bugcodes.txt, W:\srv03rtm\public\internal\Base\inc\bugcodes.txt, Current, 2022/10/06-23:12:10
1>
1>Stop.
Compiling w:\srv03rtm\base\ntos\nls directory ********************
'nmake.exe /c BUILDMSG=Stop. -i NTTEST= UMTEST= NOLINK=1 386=1'
1>BUILDMSG: Processing w:\srv03rtm\base\ntos\nls
1>	( echo. )
1> 
1>
1>Stop.
