Compiling the C compiler identification source file "CMakeCCompilerId.c" failed.
Compiler: /usr/bin/clang-cl 
Build flags: -fms-compatibility;-Wno-microsoft-enum-forward-reference;-Wno-visibility;-Wno-pragma-pack;-Wno-gnu-folding-constant;-Wno-inconsistent-dllimport;-Wno-ignored-pragma-intrinsic;-Wno-parentheses;-Wno-implicit-int;-Wno-pointer-sign;-Wno-microsoft-anon-tag;-Wno-ignored-pragma-optimize;-Wno-shift-count-negative;-Wno-shift-count-overflow;--target=x86_64-msvc-windows;-D_AMD64_;-D_WIN64
Id flags:  

The output was:
1
clang-14: warning: unable to find a Visual Studio installation; try running Clang from a developer command prompt [-Wmsvc-not-found]
clang-14: error: unable to execute command: Executable "link.exe" doesn't exist!
clang-14: error: linker command failed with exit code 1 (use -v to see invocation)


Checking whether the ASM_MASM compiler is GNU using "--version" did not match "(GNU assembler)|(GCC)|(Free Software Foundation)":
Checking whether the ASM_MASM compiler is Clang using "--version" did not match "(clang version)":
Checking whether the ASM_MASM compiler is AppleClang using "--version" did not match "(Apple LLVM version)":
Checking whether the ASM_MASM compiler is ARMClang using "--version" did not match "armclang":
Checking whether the ASM_MASM compiler is HP using "-V" did not match "HP C":
Checking whether the ASM_MASM compiler is Intel using "--version" did not match "(ICC)":
Checking whether the ASM_MASM compiler is IntelLLVM using "--version" did not match "(Intel[^
]+oneAPI)":
Checking whether the ASM_MASM compiler is SunPro using "-V" did not match "Sun C":
Checking whether the ASM_MASM compiler is XL using "-qversion" did not match "XL C":
Checking whether the ASM_MASM compiler is MSVC using "-?" did not match "Microsoft":
Checking whether the ASM_MASM compiler is TI using "-h" did not match "Texas Instruments":
Checking whether the ASM_MASM compiler is IAR using "" did not match "IAR Assembler":
Checking whether the ASM_MASM compiler is ARMCC using "" did not match "(ARM Compiler)|(ARM Assembler)|(Arm Compiler)":
Checking whether the ASM_MASM compiler is NASM using "-v" did not match "(NASM version)":
Checking whether the ASM_MASM compiler is YASM using "--version" did not match "(yasm)":
Checking whether the ASM_MASM compiler is ADSP using "-version" did not match "Analog Devices":
Checking whether the ASM_MASM compiler is QCC using "-V" did not match "gcc_nto":
Detecting C compiler ABI info failed to compile with the following output:
Change Dir: /home/mobslicer152/Desktop/ntkrnl/build/CMakeFiles/CMakeTmp

Run Build Command(s):/usr/bin/ninja cmTC_6a2a9 && [1/2] Building C object CMakeFiles/cmTC_6a2a9.dir/CMakeCCompilerABI.c.obj
[2/2] Linking C executable cmTC_6a2a9
FAILED: cmTC_6a2a9 
: && /usr/bin/lld-link -nodefaultlib  CMakeFiles/cmTC_6a2a9.dir/CMakeCCompilerABI.c.obj   && :
lld-link: error: <root>: undefined symbol: mainCRTStartup
ninja: build stopped: subcommand failed.




